Added Component: Designator=J1(P4_2.54-1)
Added Component: Designator=J2(P4_2.54-1)
Added Component: Designator=LED1(10mmRBG)
Added Component: Designator=LED2(10mmRBG)
Added Component: Designator=LED3(10mmRBG)
Added Component: Designator=LED4(10mmRBG)
Added Component: Designator=LED5(10mmRBG)
Added Component: Designator=LED6(10mmRBG)
Added Component: Designator=LED7(10mmRBG)
Added Component: Designator=LED8(10mmRBG)
Added Component: Designator=LED9(10mmRBG)
Added Component: Designator=LED10(10mmRBG)
Added Component: Designator=LED11(10mmRBG)
Added Component: Designator=LED12(10mmRBG)
Added Component: Designator=LED13(10mmRBG)
Added Component: Designator=LED14(10mmRBG)
Added Component: Designator=LED15(10mmRBG)
Added Component: Designator=LED16(10mmRBG)
Added Component: Designator=LED17(10mmRBG)
Added Component: Designator=LED18(10mmRBG)
Added Component: Designator=LED19(10mmRBG)
Added Component: Designator=LED20(10mmRBG)
Added Pin To Net: NetName=5V Pin=J1-1
Added Pin To Net: NetName=RBG_R Pin=J1-2
Added Pin To Net: NetName=RBG_B Pin=J1-3
Added Pin To Net: NetName=RBG_G Pin=J1-4
Added Pin To Net: NetName=5V Pin=J2-1
Added Pin To Net: NetName=RBG_R Pin=J2-2
Added Pin To Net: NetName=RBG_B Pin=J2-3
Added Pin To Net: NetName=RBG_G Pin=J2-4
Added Member To Class: ClassName=ÖÇÄÜµÆ_µÆÅÝ Member=Component J1 SIP4
Added Member To Class: ClassName=ÖÇÄÜµÆ_µÆÅÝ Member=Component J2 SIP4
Added Member To Class: ClassName=ÖÇÄÜµÆ_µÆÅÝ Member=Component LED1 BGR
Added Member To Class: ClassName=ÖÇÄÜµÆ_µÆÅÝ Member=Component LED2 BGR
Added Member To Class: ClassName=ÖÇÄÜµÆ_µÆÅÝ Member=Component LED3 BGR
Added Member To Class: ClassName=ÖÇÄÜµÆ_µÆÅÝ Member=Component LED4 BGR
Added Member To Class: ClassName=ÖÇÄÜµÆ_µÆÅÝ Member=Component LED5 BGR
Added Member To Class: ClassName=ÖÇÄÜµÆ_µÆÅÝ Member=Component LED6 BGR
Added Member To Class: ClassName=ÖÇÄÜµÆ_µÆÅÝ Member=Component LED7 BGR
Added Member To Class: ClassName=ÖÇÄÜµÆ_µÆÅÝ Member=Component LED8 BGR
Added Member To Class: ClassName=ÖÇÄÜµÆ_µÆÅÝ Member=Component LED9 BGR
Added Member To Class: ClassName=ÖÇÄÜµÆ_µÆÅÝ Member=Component LED10 BGR
Added Member To Class: ClassName=ÖÇÄÜµÆ_µÆÅÝ Member=Component LED11 BGR
Added Member To Class: ClassName=ÖÇÄÜµÆ_µÆÅÝ Member=Component LED12 BGR
Added Member To Class: ClassName=ÖÇÄÜµÆ_µÆÅÝ Member=Component LED13 BGR
Added Member To Class: ClassName=ÖÇÄÜµÆ_µÆÅÝ Member=Component LED14 BGR
Added Member To Class: ClassName=ÖÇÄÜµÆ_µÆÅÝ Member=Component LED15 BGR
Added Member To Class: ClassName=ÖÇÄÜµÆ_µÆÅÝ Member=Component LED16 BGR
Added Member To Class: ClassName=ÖÇÄÜµÆ_µÆÅÝ Member=Component LED17 BGR
Added Member To Class: ClassName=ÖÇÄÜµÆ_µÆÅÝ Member=Component LED18 BGR
Added Member To Class: ClassName=ÖÇÄÜµÆ_µÆÅÝ Member=Component LED19 BGR
Added Member To Class: ClassName=ÖÇÄÜµÆ_µÆÅÝ Member=Component LED20 BGR
Added Room: Name=ÖÇÄÜµÆ_µÆÅÝ
